Using pre-set license
Built from '2021.3/staging' branch; Version is '2021.3.2f1 (d6360bedb9a0) revision 14038539'; Using compiler version '192829333'; Build Type 'Release'
OS: 'Windows 11  (10.0.22000) 64bit Professional' Language: 'en' Physical Memory: 16291 MB
BatchMode: 1, IsHumanControllingUs: 0, StartBugReporterOnCrash: 0, Is64bit: 1, IsPro: 1

COMMAND LINE ARGUMENTS:
C:\Program Files\Unity\Hub\Editor\2021.3.2f1\Editor\Unity.exe
-adb2
-batchMode
-noUpm
-name
AssetImportWorker2
-projectPath
C:/Users/morga/Documents/GitHub/MORGAN-SKILLICORN-HONOURS-PROJECT/FPS
-logFile
Logs/AssetImportWorker2.log
-srvPort
55360
Successfully changed project path to: C:/Users/morga/Documents/GitHub/MORGAN-SKILLICORN-HONOURS-PROJECT/FPS
C:/Users/morga/Documents/GitHub/MORGAN-SKILLICORN-HONOURS-PROJECT/FPS
[UnityMemory] Configuration Parameters - Can be set up in boot.config
    "memorysetup-bucket-allocator-granularity=16"
    "memorysetup-bucket-allocator-bucket-count=8"
    "memorysetup-bucket-allocator-block-size=33554432"
    "memorysetup-bucket-allocator-block-count=8"
    "memorysetup-main-allocator-block-size=16777216"
    "memorysetup-thread-allocator-block-size=16777216"
    "memorysetup-gfx-main-allocator-block-size=16777216"
    "memorysetup-gfx-thread-allocator-block-size=16777216"
    "memorysetup-cache-allocator-block-size=4194304"
    "memorysetup-typetree-allocator-block-size=2097152"
    "memorysetup-profiler-bucket-allocator-granularity=16"
    "memorysetup-profiler-bucket-allocator-bucket-count=8"
    "memorysetup-profiler-bucket-allocator-block-size=33554432"
    "memorysetup-profiler-bucket-allocator-block-count=8"
    "memorysetup-profiler-allocator-block-size=16777216"
    "memorysetup-profiler-editor-allocator-block-size=1048576"
    "memorysetup-temp-allocator-size-main=16777216"
    "memorysetup-job-temp-allocator-block-size=2097152"
    "memorysetup-job-temp-allocator-block-size-background=1048576"
    "memorysetup-job-temp-allocator-reduction-small-platforms=262144"
    "memorysetup-temp-allocator-size-background-worker=32768"
    "memorysetup-temp-allocator-size-job-worker=262144"
    "memorysetup-temp-allocator-size-preload-manager=33554432"
    "memorysetup-temp-allocator-size-nav-mesh-worker=65536"
    "memorysetup-temp-allocator-size-audio-worker=65536"
    "memorysetup-temp-allocator-size-cloud-worker=32768"
    "memorysetup-temp-allocator-size-gi-baking-worker=262144"
    "memorysetup-temp-allocator-size-gfx=262144"
Refreshing native plugins compatible for Editor in 152.73 ms, found 3 plugins.
Preloading 0 native plugins for Editor in 0.00 ms.
Initialize engine version: 2021.3.2f1 (d6360bedb9a0)
[Subsystems] Discovering subsystems at path C:/Program Files/Unity/Hub/Editor/2021.3.2f1/Editor/Data/Resources/UnitySubsystems
[Subsystems] Discovering subsystems at path C:/Users/morga/Documents/GitHub/MORGAN-SKILLICORN-HONOURS-PROJECT/FPS/Assets
GfxDevice: creating device client; threaded=0; jobified=0
Direct3D:
    Version:  Direct3D 11.0 [level 11.1]
    Renderer: Radeon (TM) RX 480 Graphics (ID=0x67df)
    Vendor:   ATI
    VRAM:     8171 MB
    Driver:   30.0.13023.4001
Initialize mono
Mono path[0] = 'C:/Program Files/Unity/Hub/Editor/2021.3.2f1/Editor/Data/Managed'
Mono path[1] = 'C:/Program Files/Unity/Hub/Editor/2021.3.2f1/Editor/Data/MonoBleedingEdge/lib/mono/unityjit-win32'
Mono config path = 'C:/Program Files/Unity/Hub/Editor/2021.3.2f1/Editor/Data/MonoBleedingEdge/etc'
Using monoOptions --debugger-agent=transport=dt_socket,embedding=1,server=y,suspend=n,address=127.0.0.1:56704
Begin MonoManager ReloadAssembly
Registering precompiled unity dll's ...
Register platform support module: C:/Program Files/Unity/Hub/Editor/2021.3.2f1/Editor/Data/PlaybackEngines/WebGLSupport/UnityEditor.WebGL.Extensions.dll
Register platform support module: C:/Program Files/Unity/Hub/Editor/2021.3.2f1/Editor/Data/PlaybackEngines/AndroidPlayer/UnityEditor.Android.Extensions.dll
Register platform support module: C:/Program Files/Unity/Hub/Editor/2021.3.2f1/Editor/Data/PlaybackEngines/WindowsStandaloneSupport/UnityEditor.WindowsStandalone.Extensions.dll
Registered in 0.007710 seconds.
Native extension for WindowsStandalone target not found
Native extension for Android target not found
Native extension for WebGL target not found
Refreshing native plugins compatible for Editor in 108.32 ms, found 3 plugins.
Preloading 0 native plugins for Editor in 0.00 ms.
Mono: successfully reloaded assembly
- Completed reload, in  0.793 seconds
Domain Reload Profiling:
	ReloadAssembly (794ms)
		BeginReloadAssembly (119ms)
			ExecutionOrderSort (0ms)
			DisableScriptedObjects (0ms)
			BackupInstance (0ms)
			ReleaseScriptingObjects (0ms)
			CreateAndSetChildDomain (1ms)
		EndReloadAssembly (551ms)
			LoadAssemblies (116ms)
			RebuildTransferFunctionScriptingTraits (0ms)
			SetupTypeCache (141ms)
			ReleaseScriptCaches (0ms)
			RebuildScriptCaches (35ms)
			SetupLoadedEditorAssemblies (321ms)
				LogAssemblyErrors (0ms)
				InitializePlatformSupportModulesInManaged (61ms)
				SetLoadedEditorAssemblies (0ms)
				RefreshPlugins (109ms)
				BeforeProcessingInitializeOnLoad (2ms)
				ProcessInitializeOnLoadAttributes (102ms)
				ProcessInitializeOnLoadMethodAttributes (46ms)
				AfterProcessingInitializeOnLoad (0ms)
				EditorAssembliesLoaded (0ms)
			ExecutionOrderSort2 (0ms)
			AwakeInstancesAfterBackupRestoration (0ms)
Platform modules already initialized, skipping
Registering precompiled user dll's ...
Registered in 0.005433 seconds.
Begin MonoManager ReloadAssembly
Symbol file LoadedFromMemory doesn't match image C:\Users\morga\Documents\GitHub\MORGAN-SKILLICORN-HONOURS-PROJECT\FPS\Library\PackageCache\com.unity.visualscripting@1.7.6\Editor\VisualScripting.Core\Dependencies\YamlDotNet\Unity.VisualScripting.YamlDotNet.dll
Symbol file LoadedFromMemory doesn't match image C:\Users\morga\Documents\GitHub\MORGAN-SKILLICORN-HONOURS-PROJECT\FPS\Library\PackageCache\com.unity.visualscripting@1.7.6\Editor\VisualScripting.Core\Dependencies\DotNetZip\Unity.VisualScripting.IonicZip.dll
Native extension for WindowsStandalone target not found
Native extension for Android target not found
Native extension for WebGL target not found
Refreshing native plugins compatible for Editor in 164.97 ms, found 3 plugins.
Preloading 0 native plugins for Editor in 0.00 ms.
Mono: successfully reloaded assembly
- Completed reload, in  1.862 seconds
Domain Reload Profiling:
	ReloadAssembly (1863ms)
		BeginReloadAssembly (240ms)
			ExecutionOrderSort (0ms)
			DisableScriptedObjects (5ms)
			BackupInstance (0ms)
			ReleaseScriptingObjects (0ms)
			CreateAndSetChildDomain (138ms)
		EndReloadAssembly (1496ms)
			LoadAssemblies (235ms)
			RebuildTransferFunctionScriptingTraits (0ms)
			SetupTypeCache (413ms)
			ReleaseScriptCaches (2ms)
			RebuildScriptCaches (84ms)
			SetupLoadedEditorAssemblies (687ms)
				LogAssemblyErrors (0ms)
				InitializePlatformSupportModulesInManaged (27ms)
				SetLoadedEditorAssemblies (0ms)
				RefreshPlugins (165ms)
				BeforeProcessingInitializeOnLoad (133ms)
				ProcessInitializeOnLoadAttributes (329ms)
				ProcessInitializeOnLoadMethodAttributes (25ms)
				AfterProcessingInitializeOnLoad (7ms)
				EditorAssembliesLoaded (0ms)
			ExecutionOrderSort2 (0ms)
			AwakeInstancesAfterBackupRestoration (6ms)
Platform modules already initialized, skipping
========================================================================
Worker process is ready to serve import requests
Launched and connected shader compiler UnityShaderCompiler.exe after 0.06 seconds
Refreshing native plugins compatible for Editor in 1.44 ms, found 3 plugins.
Preloading 0 native plugins for Editor in 0.00 ms.
Unloading 3711 Unused Serialized files (Serialized files now loaded: 0)
Unloading 29 unused Assets / (113.3 KB). Loaded Objects now: 4172.
Memory consumption went from 133.6 MB to 133.5 MB.
Total: 4.110200 ms (FindLiveObjects: 0.651900 ms CreateObjectMapping: 0.130200 ms MarkObjects: 3.202400 ms  DeleteObjects: 0.123700 ms)

AssetImportParameters requested are different than current active one (requested -> active):
  custom:video-decoder-ogg-theora: a1e56fd34408186e4bbccfd4996cb3dc -> 
  custom:container-muxer-webm: aa71ff27fc2769a1b78a27578f13a17b -> 
  custom:container-demuxer-webm: 4f35f7cbe854078d1ac9338744f61a02 -> 
  custom:video-encoder-webm-vp8: eb34c28f22e8b96e1ab97ce403110664 -> 
  custom:audio-encoder-webm-vorbis: bf7c407c2cedff20999df2af8eb42d56 -> 
  custom:framework-win-MediaFoundation: 216162199b28c13a410421893ffa2e32 -> 
  custom:container-demuxer-ogg: 62fdf1f143b41e24485cea50d1cbac27 -> 
  custom:video-decoder-webm-vp8: 9c59270c3fd7afecdb556c50c9e8de78 -> 
  custom:audio-decoder-ogg-vorbis: bf7c407c2cedff20999df2af8eb42d56 -> 
========================================================================
Received Import Request.
  Time since last request: 542430.789312 seconds.
  path: Assets/PolygonPrototype/Prefabs/Generic/SM_Generic_Cloud_02.prefab
  artifactKey: Guid(946ab6c23f91a5648a10f6b06cccea74) Importer(815301076,1909f56bfc062723c751e8b465ee728b)
Start importing Assets/PolygonPrototype/Prefabs/Generic/SM_Generic_Cloud_02.prefab using Guid(946ab6c23f91a5648a10f6b06cccea74) Importer(815301076,1909f56bfc062723c751e8b465ee728b)  -> (artifact id: '803a11bd21b4dc012061f92dac564976') in 0.168404 seconds 
========================================================================
Received Import Request.
  Time since last request: 7.347361 seconds.
  path: Assets/PolygonPrototype/Prefabs/Character_FPS_Hands/Standard/Character_FPS_Arms_Standard_02.prefab
  artifactKey: Guid(dbf18624c8b697a48bf91f3016035764) Importer(815301076,1909f56bfc062723c751e8b465ee728b)
Start importing Assets/PolygonPrototype/Prefabs/Character_FPS_Hands/Standard/Character_FPS_Arms_Standard_02.prefab using Guid(dbf18624c8b697a48bf91f3016035764) Importer(815301076,1909f56bfc062723c751e8b465ee728b)  -> (artifact id: '74e1bb986f48f4dd669ca3d2637f6f1a') in 0.035903 seconds 
========================================================================
Received Import Request.
  Time since last request: 1.544069 seconds.
  path: Assets/PolygonPrototype/Prefabs/Character_FPS_Hands/FiveFinger/Character_FPS_Arms_FiveFinger_02.prefab
  artifactKey: Guid(be265e142a7ab1a40b4e9367488943f9) Importer(815301076,1909f56bfc062723c751e8b465ee728b)
Start importing Assets/PolygonPrototype/Prefabs/Character_FPS_Hands/FiveFinger/Character_FPS_Arms_FiveFinger_02.prefab using Guid(be265e142a7ab1a40b4e9367488943f9) Importer(815301076,1909f56bfc062723c751e8b465ee728b)  -> (artifact id: 'f6b5b9eab206db08f09ac81ab6bcf9e4') in 0.024142 seconds 
========================================================================
Received Import Request.
  Time since last request: 4.437202 seconds.
  path: Assets/PolygonPrototype/Prefabs/_NewAssets/SM_Prop_Badminton_Shuttle_01.prefab
  artifactKey: Guid(8867dc6ccdd210c4b872ab2d1cdc7704) Importer(815301076,1909f56bfc062723c751e8b465ee728b)
Start importing Assets/PolygonPrototype/Prefabs/_NewAssets/SM_Prop_Badminton_Shuttle_01.prefab using Guid(8867dc6ccdd210c4b872ab2d1cdc7704) Importer(815301076,1909f56bfc062723c751e8b465ee728b)  -> (artifact id: 'cffd46eaaea5cccc87767e766aa14152') in 0.281586 seconds 
========================================================================
Received Import Request.
  Time since last request: 5.945917 seconds.
  path: Assets/PolygonPrototype/Models/Character_FPSHands_02.fbx
  artifactKey: Guid(dacb33b4a6c2e3e4486be79c593a23e4) Importer(815301076,1909f56bfc062723c751e8b465ee728b)
Start importing Assets/PolygonPrototype/Models/Character_FPSHands_02.fbx using Guid(dacb33b4a6c2e3e4486be79c593a23e4) Importer(815301076,1909f56bfc062723c751e8b465ee728b)  -> (artifact id: 'cbba9450f6bacac556f555f756d67c81') in 0.144167 seconds 
========================================================================
Received Import Request.
  Time since last request: 0.000050 seconds.
  path: Assets/PolygonPrototype/Models/SM_Buildings_RailStairs_1x1_01P.fbx
  artifactKey: Guid(706c3ab02139d744896f9e28f63949bb) Importer(815301076,1909f56bfc062723c751e8b465ee728b)
Start importing Assets/PolygonPrototype/Models/SM_Buildings_RailStairs_1x1_01P.fbx using Guid(706c3ab02139d744896f9e28f63949bb) Importer(815301076,1909f56bfc062723c751e8b465ee728b)  -> (artifact id: '73b92d470b5bd3d2ea604f0179410f6c') in 0.028169 seconds 
========================================================================
Received Import Request.
  Time since last request: 0.000069 seconds.
  path: Assets/PolygonPrototype/Models/SM_Buildings_Rail_1x1_01P.fbx
  artifactKey: Guid(44a27fa982e24ef4d94fe0285eb20b0c) Importer(815301076,1909f56bfc062723c751e8b465ee728b)
Start importing Assets/PolygonPrototype/Models/SM_Buildings_Rail_1x1_01P.fbx using Guid(44a27fa982e24ef4d94fe0285eb20b0c) Importer(815301076,1909f56bfc062723c751e8b465ee728b)  -> (artifact id: 'f661cc6ae20114b809f9595436826834') in 0.027342 seconds 
========================================================================
Received Import Request.
  Time since last request: 0.000030 seconds.
  path: Assets/PolygonPrototype/Models/SM_Buildings_Floor_2x2_01.fbx
  artifactKey: Guid(65ebb9950643af640a5070a9367992d1) Importer(815301076,1909f56bfc062723c751e8b465ee728b)
Start importing Assets/PolygonPrototype/Models/SM_Buildings_Floor_2x2_01.fbx using Guid(65ebb9950643af640a5070a9367992d1) Importer(815301076,1909f56bfc062723c751e8b465ee728b)  -> (artifact id: 'f52017b324afc2921d85cf6ccc989c53') in 0.036121 seconds 
========================================================================
Received Import Request.
  Time since last request: 0.000064 seconds.
  path: Assets/PolygonPrototype/Models/SM_Buildings_FloorInner_Curved_5x5_01.fbx
  artifactKey: Guid(52c22e70fe7f9e74e81b2a6d2b1deec2) Importer(815301076,1909f56bfc062723c751e8b465ee728b)
Start importing Assets/PolygonPrototype/Models/SM_Buildings_FloorInner_Curved_5x5_01.fbx using Guid(52c22e70fe7f9e74e81b2a6d2b1deec2) Importer(815301076,1909f56bfc062723c751e8b465ee728b)  -> (artifact id: '45f4e0247da2e9f992769d3e1cf42f45') in 0.028987 seconds 
========================================================================
Received Import Request.
  Time since last request: 0.000037 seconds.
  path: Assets/PolygonPrototype/Models/SM_Buildings_Ramp_45_1x1_01P.fbx
  artifactKey: Guid(9062750ab2c50154d97e419667e77b0f) Importer(815301076,1909f56bfc062723c751e8b465ee728b)
Start importing Assets/PolygonPrototype/Models/SM_Buildings_Ramp_45_1x1_01P.fbx using Guid(9062750ab2c50154d97e419667e77b0f) Importer(815301076,1909f56bfc062723c751e8b465ee728b)  -> (artifact id: '0b9202b043d228eeb922f86ab79081c6') in 0.026833 seconds 
========================================================================
Received Import Request.
  Time since last request: 0.000047 seconds.
  path: Assets/PolygonPrototype/Models/SM_Buildings_Ramp_20_1x1_01.fbx
  artifactKey: Guid(5754b1e71f61c244b91d429382cfffa6) Importer(815301076,1909f56bfc062723c751e8b465ee728b)
Start importing Assets/PolygonPrototype/Models/SM_Buildings_Ramp_20_1x1_01.fbx using Guid(5754b1e71f61c244b91d429382cfffa6) Importer(815301076,1909f56bfc062723c751e8b465ee728b)  -> (artifact id: 'b09bede5c60460902b98b4b1b6d2c10c') in 0.022771 seconds 
========================================================================
Received Import Request.
  Time since last request: 0.000051 seconds.
  path: Assets/PolygonPrototype/Models/SM_Buildings_FloorHole_2x2_01P.fbx
  artifactKey: Guid(c3d30422c98335a43a6d3b47f58df5c2) Importer(815301076,1909f56bfc062723c751e8b465ee728b)
Start importing Assets/PolygonPrototype/Models/SM_Buildings_FloorHole_2x2_01P.fbx using Guid(c3d30422c98335a43a6d3b47f58df5c2) Importer(815301076,1909f56bfc062723c751e8b465ee728b)  -> (artifact id: '5b7eedce55d86d3c5993dc569fdc7317') in 0.022922 seconds 
========================================================================
Received Import Request.
  Time since last request: 0.000088 seconds.
  path: Assets/PolygonPrototype/Models/SM_Buildings_FloorCurved_5x5_01P.fbx
  artifactKey: Guid(7f26452310d4b0241acd662af3682f7c) Importer(815301076,1909f56bfc062723c751e8b465ee728b)
Start importing Assets/PolygonPrototype/Models/SM_Buildings_FloorCurved_5x5_01P.fbx using Guid(7f26452310d4b0241acd662af3682f7c) Importer(815301076,1909f56bfc062723c751e8b465ee728b)  -> (artifact id: '5d43fcca991c8f1cb2e1a5431bace2e9') in 0.036924 seconds 
========================================================================
Received Import Request.
  Time since last request: 0.000058 seconds.
  path: Assets/PolygonPrototype/Models/SM_Buildings_FloorInner_Curved_2x2_01P.fbx
  artifactKey: Guid(3f5c320a134f60343a8514a340a8a0dd) Importer(815301076,1909f56bfc062723c751e8b465ee728b)
Start importing Assets/PolygonPrototype/Models/SM_Buildings_FloorInner_Curved_2x2_01P.fbx using Guid(3f5c320a134f60343a8514a340a8a0dd) Importer(815301076,1909f56bfc062723c751e8b465ee728b)  -> (artifact id: 'e8a5cae633ae227a9c1c284135a815cc') in 0.027328 seconds 
========================================================================
Received Import Request.
  Time since last request: 9.603957 seconds.
  path: Assets/PolygonPrototype/Models/Materials/Character.mat
  artifactKey: Guid(a260213968ed1494cbac8b5161dcb39c) Importer(815301076,1909f56bfc062723c751e8b465ee728b)
Start importing Assets/PolygonPrototype/Models/Materials/Character.mat using Guid(a260213968ed1494cbac8b5161dcb39c) Importer(815301076,1909f56bfc062723c751e8b465ee728b)  -> (artifact id: 'bf317b97956e5d99d5b2f20de46cc38e') in 0.042775 seconds 
========================================================================
Received Import Request.
  Time since last request: 18.819177 seconds.
  path: Assets/PolygonPrototype/Models/SM_Buildings_Ramp_55_1x1_01.fbx
  artifactKey: Guid(f80bec96a9d981b44be16ce6da15e85a) Importer(815301076,1909f56bfc062723c751e8b465ee728b)
Start importing Assets/PolygonPrototype/Models/SM_Buildings_Ramp_55_1x1_01.fbx using Guid(f80bec96a9d981b44be16ce6da15e85a) Importer(815301076,1909f56bfc062723c751e8b465ee728b)  -> (artifact id: '384441b59f7187151f08a93a4514292c') in 0.027459 seconds 
========================================================================
Received Import Request.
  Time since last request: 0.000030 seconds.
  path: Assets/PolygonPrototype/Models/SM_Buildings_Ramp_70_1x1_01P.fbx
  artifactKey: Guid(ba4a56f3a2c378042aba513daf8ec5ed) Importer(815301076,1909f56bfc062723c751e8b465ee728b)
Start importing Assets/PolygonPrototype/Models/SM_Buildings_Ramp_70_1x1_01P.fbx using Guid(ba4a56f3a2c378042aba513daf8ec5ed) Importer(815301076,1909f56bfc062723c751e8b465ee728b)  -> (artifact id: '40fb0e053cdc91a35961528913dec6b2') in 0.025866 seconds 
========================================================================
Received Import Request.
  Time since last request: 0.000023 seconds.
  path: Assets/PolygonPrototype/Models/SM_Buildings_RoofAngled_5x5_01.fbx
  artifactKey: Guid(e9df72721bd4bc74399d147d14cf4fbd) Importer(815301076,1909f56bfc062723c751e8b465ee728b)
Start importing Assets/PolygonPrototype/Models/SM_Buildings_RoofAngled_5x5_01.fbx using Guid(e9df72721bd4bc74399d147d14cf4fbd) Importer(815301076,1909f56bfc062723c751e8b465ee728b)  -> (artifact id: '40ebac524510ecc18ad73777b612515a') in 0.021189 seconds 
========================================================================
Received Import Request.
  Time since last request: 0.140058 seconds.
  path: Assets/PolygonPrototype/Models/SM_Buildings_RoofAngledCornerInner_1x1_01.fbx
  artifactKey: Guid(2b5aebd9d645bfe498b624603d4ed59f) Importer(815301076,1909f56bfc062723c751e8b465ee728b)
Start importing Assets/PolygonPrototype/Models/SM_Buildings_RoofAngledCornerInner_1x1_01.fbx using Guid(2b5aebd9d645bfe498b624603d4ed59f) Importer(815301076,1909f56bfc062723c751e8b465ee728b)  -> (artifact id: '27162d5fa817ec1d91443023856b7874') in 0.027432 seconds 
========================================================================
Received Import Request.
  Time since last request: 0.000018 seconds.
  path: Assets/PolygonPrototype/Models/SM_Buildings_RoofAngledCornerMiddle_1x1_01.fbx
  artifactKey: Guid(a3e4cee86604216459705f67cdcb8d5e) Importer(815301076,1909f56bfc062723c751e8b465ee728b)
Start importing Assets/PolygonPrototype/Models/SM_Buildings_RoofAngledCornerMiddle_1x1_01.fbx using Guid(a3e4cee86604216459705f67cdcb8d5e) Importer(815301076,1909f56bfc062723c751e8b465ee728b)  -> (artifact id: '940f91a4387102d668eca1ff20f8e9e2') in 0.027190 seconds 
========================================================================
Received Import Request.
  Time since last request: 0.000029 seconds.
  path: Assets/PolygonPrototype/Models/SM_Buildings_RoofAngledCornerMiddle_2x2_01P.fbx
  artifactKey: Guid(64bc5851aa4a2b04997325a9e65b1e1a) Importer(815301076,1909f56bfc062723c751e8b465ee728b)
Start importing Assets/PolygonPrototype/Models/SM_Buildings_RoofAngledCornerMiddle_2x2_01P.fbx using Guid(64bc5851aa4a2b04997325a9e65b1e1a) Importer(815301076,1909f56bfc062723c751e8b465ee728b)  -> (artifact id: '09ef073bae11cb476cc0acf050cda1b8') in 0.026342 seconds 
========================================================================
Received Import Request.
  Time since last request: 0.491616 seconds.
  path: Assets/PolygonPrototype/Models/SM_Buildings_RoofAngledCornerOuter_5x5_01.fbx
  artifactKey: Guid(bc04ea6ad29a15042b0d7a280b53a7b0) Importer(815301076,1909f56bfc062723c751e8b465ee728b)
Start importing Assets/PolygonPrototype/Models/SM_Buildings_RoofAngledCornerOuter_5x5_01.fbx using Guid(bc04ea6ad29a15042b0d7a280b53a7b0) Importer(815301076,1909f56bfc062723c751e8b465ee728b)  -> (artifact id: 'df758a3db214fdf3ca16241d7b840ac8') in 0.027204 seconds 
========================================================================
Received Import Request.
  Time since last request: 0.000051 seconds.
  path: Assets/PolygonPrototype/Models/SM_Buildings_Stairs_1x2_01.fbx
  artifactKey: Guid(d541909567834dc4f9038a90f73aa161) Importer(815301076,1909f56bfc062723c751e8b465ee728b)
Start importing Assets/PolygonPrototype/Models/SM_Buildings_Stairs_1x2_01.fbx using Guid(d541909567834dc4f9038a90f73aa161) Importer(815301076,1909f56bfc062723c751e8b465ee728b)  -> (artifact id: '66c25fc1b1dc17aafea18a37f6b173f0') in 0.028511 seconds 
========================================================================
Received Import Request.
  Time since last request: 0.000061 seconds.
  path: Assets/PolygonPrototype/Models/SM_Buildings_Wall_5x3_01P.fbx
  artifactKey: Guid(002aad209296b1b48bb25b46d18ad50d) Importer(815301076,1909f56bfc062723c751e8b465ee728b)
Start importing Assets/PolygonPrototype/Models/SM_Buildings_Wall_5x3_01P.fbx using Guid(002aad209296b1b48bb25b46d18ad50d) Importer(815301076,1909f56bfc062723c751e8b465ee728b)  -> (artifact id: '5d8832c95ac328f095438652eefb2cc5') in 0.028134 seconds 
========================================================================
Received Import Request.
  Time since last request: 0.000044 seconds.
  path: Assets/PolygonPrototype/Models/SM_Buildings_WallDoor_2x3_01.fbx
  artifactKey: Guid(3316d1e99a707354a8f7b236cf8726a8) Importer(815301076,1909f56bfc062723c751e8b465ee728b)
Start importing Assets/PolygonPrototype/Models/SM_Buildings_WallDoor_2x3_01.fbx using Guid(3316d1e99a707354a8f7b236cf8726a8) Importer(815301076,1909f56bfc062723c751e8b465ee728b)  -> (artifact id: '4a5038351af949e68861cc0c8014a506') in 0.028413 seconds 
========================================================================
Received Import Request.
  Time since last request: 0.000051 seconds.
  path: Assets/PolygonPrototype/Models/SM_Buildings_WallCurved_5x5_01P.fbx
  artifactKey: Guid(58dc61810fa23fc4d8355e6d7f968017) Importer(815301076,1909f56bfc062723c751e8b465ee728b)
Start importing Assets/PolygonPrototype/Models/SM_Buildings_WallCurved_5x5_01P.fbx using Guid(58dc61810fa23fc4d8355e6d7f968017) Importer(815301076,1909f56bfc062723c751e8b465ee728b)  -> (artifact id: '59bf7d54912a447e2c4b1660355d7dca') in 0.029974 seconds 
========================================================================
Received Import Request.
  Time since last request: 0.000044 seconds.
  path: Assets/PolygonPrototype/Models/SM_Buildings_RoofAngledPoint_5x5_01P.fbx
  artifactKey: Guid(bb2c86eae9b030241aaa2e3f9ecf84db) Importer(815301076,1909f56bfc062723c751e8b465ee728b)
Start importing Assets/PolygonPrototype/Models/SM_Buildings_RoofAngledPoint_5x5_01P.fbx using Guid(bb2c86eae9b030241aaa2e3f9ecf84db) Importer(815301076,1909f56bfc062723c751e8b465ee728b)  -> (artifact id: '6b28d0f0788dcefcee3517000ac8773b') in 0.028948 seconds 
========================================================================
Received Import Request.
  Time since last request: 0.000041 seconds.
  path: Assets/PolygonPrototype/Models/SM_Buildings_WallCurved_2x2_01.fbx
  artifactKey: Guid(fc9ab94d15b307848927c4690bfc3258) Importer(815301076,1909f56bfc062723c751e8b465ee728b)
Start importing Assets/PolygonPrototype/Models/SM_Buildings_WallCurved_2x2_01.fbx using Guid(fc9ab94d15b307848927c4690bfc3258) Importer(815301076,1909f56bfc062723c751e8b465ee728b)  -> (artifact id: 'b1e98b41f98c5ae88091232a1963be3b') in 0.028507 seconds 
========================================================================
Received Import Request.
  Time since last request: 0.000027 seconds.
  path: Assets/PolygonPrototype/Models/SM_Buildings_WallChamfered_2x2_01.fbx
  artifactKey: Guid(471d090967b61644f834501e5a1f4abd) Importer(815301076,1909f56bfc062723c751e8b465ee728b)
Start importing Assets/PolygonPrototype/Models/SM_Buildings_WallChamfered_2x2_01.fbx using Guid(471d090967b61644f834501e5a1f4abd) Importer(815301076,1909f56bfc062723c751e8b465ee728b)  -> (artifact id: '6078ff41756a196b50094c5af3c1cb90') in 0.028959 seconds 
========================================================================
Received Import Request.
  Time since last request: 0.741611 seconds.
  path: Assets/PolygonPrototype/Models/SM_Buildings_WallWindow_2x3_01.fbx
  artifactKey: Guid(c61783dd79ffb5443ac65c3892395ad7) Importer(815301076,1909f56bfc062723c751e8b465ee728b)
Start importing Assets/PolygonPrototype/Models/SM_Buildings_WallWindow_2x3_01.fbx using Guid(c61783dd79ffb5443ac65c3892395ad7) Importer(815301076,1909f56bfc062723c751e8b465ee728b)  -> (artifact id: '404c15177002332400489d6d86ac6a20') in 0.024301 seconds 
========================================================================
Received Import Request.
  Time since last request: 0.000041 seconds.
  path: Assets/PolygonPrototype/Models/SM_Buildings_WindowGlass_01.fbx
  artifactKey: Guid(d3cc5dc9e6f4c644caeb3be6e2776220) Importer(815301076,1909f56bfc062723c751e8b465ee728b)
Start importing Assets/PolygonPrototype/Models/SM_Buildings_WindowGlass_01.fbx using Guid(d3cc5dc9e6f4c644caeb3be6e2776220) Importer(815301076,1909f56bfc062723c751e8b465ee728b)  -> (artifact id: '8a6b0a0f1d6bc842993482682c8c034d') in 0.032820 seconds 
========================================================================
Received Import Request.
  Time since last request: 0.000034 seconds.
  path: Assets/PolygonPrototype/Models/SM_Generic_Cloud_01.fbx
  artifactKey: Guid(de378bc91828d274ab164190ea4eba64) Importer(815301076,1909f56bfc062723c751e8b465ee728b)
Start importing Assets/PolygonPrototype/Models/SM_Generic_Cloud_01.fbx using Guid(de378bc91828d274ab164190ea4eba64) Importer(815301076,1909f56bfc062723c751e8b465ee728b)  -> (artifact id: '36f870d2dd4a93daa47ca9d600d02e8f') in 0.027534 seconds 
========================================================================
Received Import Request.
  Time since last request: 0.000028 seconds.
  path: Assets/PolygonPrototype/Models/SM_Generic_Cloud_04.fbx
  artifactKey: Guid(4c0f1796ba480b542b88704ada1e9275) Importer(815301076,1909f56bfc062723c751e8b465ee728b)
Start importing Assets/PolygonPrototype/Models/SM_Generic_Cloud_04.fbx using Guid(4c0f1796ba480b542b88704ada1e9275) Importer(815301076,1909f56bfc062723c751e8b465ee728b)  -> (artifact id: '99e580dbc37c1e218dd70f39742c9ae6') in 0.022225 seconds 
========================================================================
Received Import Request.
  Time since last request: 0.000037 seconds.
  path: Assets/PolygonPrototype/Models/SM_Chr_Attach_Female_Hair_01.fbx
  artifactKey: Guid(f6e973e5fcce35e438035a56ca9de88a) Importer(815301076,1909f56bfc062723c751e8b465ee728b)
Start importing Assets/PolygonPrototype/Models/SM_Chr_Attach_Female_Hair_01.fbx using Guid(f6e973e5fcce35e438035a56ca9de88a) Importer(815301076,1909f56bfc062723c751e8b465ee728b)  -> (artifact id: 'd9b9ae6878198e92dcda6fc68fedd042') in 0.028935 seconds 
========================================================================
Received Import Request.
  Time since last request: 0.000061 seconds.
  path: Assets/PolygonPrototype/Models/SM_FX_Glow_Ring_02.fbx
  artifactKey: Guid(d6cf0e6308e0a4c44b67833737a10902) Importer(815301076,1909f56bfc062723c751e8b465ee728b)
Start importing Assets/PolygonPrototype/Models/SM_FX_Glow_Ring_02.fbx using Guid(d6cf0e6308e0a4c44b67833737a10902) Importer(815301076,1909f56bfc062723c751e8b465ee728b)  -> (artifact id: '8880da74b68ac62366fc5d654ab78a85') in 0.022883 seconds 
========================================================================
Received Import Request.
  Time since last request: 1.564094 seconds.
  path: Assets/PolygonPrototype/Models/SM_Generic_Water_Plane_02.fbx
  artifactKey: Guid(b20b20fa7808c5d48ad452030f9e3a3c) Importer(815301076,1909f56bfc062723c751e8b465ee728b)
Start importing Assets/PolygonPrototype/Models/SM_Generic_Water_Plane_02.fbx using Guid(b20b20fa7808c5d48ad452030f9e3a3c) Importer(815301076,1909f56bfc062723c751e8b465ee728b)  -> (artifact id: '8ec664a207d1f0d4cbeb7d4762269d0e') in 0.025525 seconds 
========================================================================
Received Import Request.
  Time since last request: 0.000045 seconds.
  path: Assets/PolygonPrototype/Models/SM_Icon_Arrow_Long_Curve_02.fbx
  artifactKey: Guid(1dbd03cbe51486b4c9a9fe731a3bafd6) Importer(815301076,1909f56bfc062723c751e8b465ee728b)
Start importing Assets/PolygonPrototype/Models/SM_Icon_Arrow_Long_Curve_02.fbx using Guid(1dbd03cbe51486b4c9a9fe731a3bafd6) Importer(815301076,1909f56bfc062723c751e8b465ee728b)  -> (artifact id: '897696097204306a0ddff17c5a31173c') in 0.032902 seconds 
========================================================================
Received Import Request.
  Time since last request: 0.035739 seconds.
  path: Assets/PolygonPrototype/Models/SM_Icon_Arrow_Small_04.fbx
  artifactKey: Guid(ad6b783dc99b5bd44be86a68c296c331) Importer(815301076,1909f56bfc062723c751e8b465ee728b)
Start importing Assets/PolygonPrototype/Models/SM_Icon_Arrow_Small_04.fbx using Guid(ad6b783dc99b5bd44be86a68c296c331) Importer(815301076,1909f56bfc062723c751e8b465ee728b)  -> (artifact id: '89ef798252285d9f4bb189b20893eda9') in 0.027728 seconds 
========================================================================
Received Import Request.
  Time since last request: 0.000042 seconds.
  path: Assets/PolygonPrototype/Models/SM_Icon_Balloon_01.fbx
  artifactKey: Guid(2b1600b8b48e3ac4c87e5d81a4153ab7) Importer(815301076,1909f56bfc062723c751e8b465ee728b)
Start importing Assets/PolygonPrototype/Models/SM_Icon_Balloon_01.fbx using Guid(2b1600b8b48e3ac4c87e5d81a4153ab7) Importer(815301076,1909f56bfc062723c751e8b465ee728b)  -> (artifact id: 'c44100ab4f31d403845f12cfbfc949e8') in 0.024091 seconds 
========================================================================
Received Import Request.
  Time since last request: 0.000023 seconds.
  path: Assets/PolygonPrototype/Models/SM_Icon_Bones_01.fbx
  artifactKey: Guid(5778beac0ec7a434eae152976b2f8665) Importer(815301076,1909f56bfc062723c751e8b465ee728b)
Start importing Assets/PolygonPrototype/Models/SM_Icon_Bones_01.fbx using Guid(5778beac0ec7a434eae152976b2f8665) Importer(815301076,1909f56bfc062723c751e8b465ee728b)  -> (artifact id: '4fc65d22382ac3b925729fed4e686b87') in 0.023496 seconds 
========================================================================
Received Import Request.
  Time since last request: 0.584887 seconds.
  path: Assets/PolygonPrototype/Models/SM_Icon_Clapper_01.fbx
  artifactKey: Guid(1a778c82e325d394c93b3e0088275c83) Importer(815301076,1909f56bfc062723c751e8b465ee728b)
Start importing Assets/PolygonPrototype/Models/SM_Icon_Clapper_01.fbx using Guid(1a778c82e325d394c93b3e0088275c83) Importer(815301076,1909f56bfc062723c751e8b465ee728b)  -> (artifact id: '625034f32900b952683d653bfb3331b4') in 0.028956 seconds 
========================================================================
Received Import Request.
  Time since last request: 0.000035 seconds.
  path: Assets/PolygonPrototype/Models/SM_Icon_Guage_01.fbx
  artifactKey: Guid(bfde1e395d1a5bc4bb06949a656fa148) Importer(815301076,1909f56bfc062723c751e8b465ee728b)
Start importing Assets/PolygonPrototype/Models/SM_Icon_Guage_01.fbx using Guid(bfde1e395d1a5bc4bb06949a656fa148) Importer(815301076,1909f56bfc062723c751e8b465ee728b)  -> (artifact id: '2f974513c1ee5d831aaaef102dd1d744') in 0.041148 seconds 
========================================================================
Received Import Request.
  Time since last request: 1.165355 seconds.
  path: Assets/PolygonPrototype/Models/SM_Icon_Health_01.fbx
  artifactKey: Guid(13454f9011858064daef4127a53be4ef) Importer(815301076,1909f56bfc062723c751e8b465ee728b)
Start importing Assets/PolygonPrototype/Models/SM_Icon_Health_01.fbx using Guid(13454f9011858064daef4127a53be4ef) Importer(815301076,1909f56bfc062723c751e8b465ee728b)  -> (artifact id: 'ac8b1bc20c5f196ce59e9827c0710818') in 0.025821 seconds 
========================================================================
Received Import Request.
  Time since last request: 0.000023 seconds.
  path: Assets/PolygonPrototype/Models/SM_Icon_Letter_Colon_01.fbx
  artifactKey: Guid(515b055f2427c424faa4bfe3dfa706ea) Importer(815301076,1909f56bfc062723c751e8b465ee728b)
Start importing Assets/PolygonPrototype/Models/SM_Icon_Letter_Colon_01.fbx using Guid(515b055f2427c424faa4bfe3dfa706ea) Importer(815301076,1909f56bfc062723c751e8b465ee728b)  -> (artifact id: '12727e6aad1801af7a858ce24cb00269') in 0.031317 seconds 
========================================================================
Received Import Request.
  Time since last request: 0.142677 seconds.
  path: Assets/PolygonPrototype/Models/SM_Icon_Letter_F_01.fbx
  artifactKey: Guid(7b3b4ab8d7928744ab2e2de6c2f74437) Importer(815301076,1909f56bfc062723c751e8b465ee728b)
Start importing Assets/PolygonPrototype/Models/SM_Icon_Letter_F_01.fbx using Guid(7b3b4ab8d7928744ab2e2de6c2f74437) Importer(815301076,1909f56bfc062723c751e8b465ee728b)  -> (artifact id: '75d1f5b1769c325066143d249aa18e14') in 0.023813 seconds 
========================================================================
Received Import Request.
  Time since last request: 0.000022 seconds.
  path: Assets/PolygonPrototype/Models/SM_Icon_Letter_O_01.fbx
  artifactKey: Guid(331643f7686713e4ab834ffe96ab31a5) Importer(815301076,1909f56bfc062723c751e8b465ee728b)
Start importing Assets/PolygonPrototype/Models/SM_Icon_Letter_O_01.fbx using Guid(331643f7686713e4ab834ffe96ab31a5) Importer(815301076,1909f56bfc062723c751e8b465ee728b)  -> (artifact id: 'de822926783fe607c2d4b213f38b783c') in 0.025098 seconds 
========================================================================
Received Import Request.
  Time since last request: 0.154652 seconds.
  path: Assets/PolygonPrototype/Models/SM_Icon_Letter_T_01.fbx
  artifactKey: Guid(179633ae31af95b469d9db216bdbda2c) Importer(815301076,1909f56bfc062723c751e8b465ee728b)
Start importing Assets/PolygonPrototype/Models/SM_Icon_Letter_T_01.fbx using Guid(179633ae31af95b469d9db216bdbda2c) Importer(815301076,1909f56bfc062723c751e8b465ee728b)  -> (artifact id: 'b29474fbc0230dc0f392a30156f95881') in 0.026027 seconds 
========================================================================
Received Import Request.
  Time since last request: 0.000028 seconds.
  path: Assets/PolygonPrototype/Models/SM_Icon_Letter_Y_01.fbx
  artifactKey: Guid(c74a683adf6e3e44a8589aeae74c333f) Importer(815301076,1909f56bfc062723c751e8b465ee728b)
Start importing Assets/PolygonPrototype/Models/SM_Icon_Letter_Y_01.fbx using Guid(c74a683adf6e3e44a8589aeae74c333f) Importer(815301076,1909f56bfc062723c751e8b465ee728b)  -> (artifact id: '26e631e8128a2a6bef1234229e0b5804') in 0.027707 seconds 
========================================================================
Received Import Request.
  Time since last request: 0.000028 seconds.
  path: Assets/PolygonPrototype/Models/SM_Icon_Manip_01.fbx
  artifactKey: Guid(81ad1edf89655e746acd4c6664c7aee3) Importer(815301076,1909f56bfc062723c751e8b465ee728b)
Start importing Assets/PolygonPrototype/Models/SM_Icon_Manip_01.fbx using Guid(81ad1edf89655e746acd4c6664c7aee3) Importer(815301076,1909f56bfc062723c751e8b465ee728b)  -> (artifact id: '91a6e5747ed112d2961290f370ec6d16') in 0.020314 seconds 
========================================================================
Received Import Request.
  Time since last request: 0.061138 seconds.
  path: Assets/PolygonPrototype/Models/SM_Icon_Number_1_01.fbx
  artifactKey: Guid(8345a84d33a716545af1a279299100e6) Importer(815301076,1909f56bfc062723c751e8b465ee728b)
Start importing Assets/PolygonPrototype/Models/SM_Icon_Number_1_01.fbx using Guid(8345a84d33a716545af1a279299100e6) Importer(815301076,1909f56bfc062723c751e8b465ee728b)  -> (artifact id: '13378cd6022939114d2b91a6ec0c3173') in 0.027735 seconds 
========================================================================
Received Import Request.
  Time since last request: 0.000023 seconds.
  path: Assets/PolygonPrototype/Models/SM_Icon_Number_At_01.fbx
  artifactKey: Guid(ccfb58eeeb6995e429288ee4c55dd1c2) Importer(815301076,1909f56bfc062723c751e8b465ee728b)
Start importing Assets/PolygonPrototype/Models/SM_Icon_Number_At_01.fbx using Guid(ccfb58eeeb6995e429288ee4c55dd1c2) Importer(815301076,1909f56bfc062723c751e8b465ee728b)  -> (artifact id: 'c5453dca4dcb0555933b55e2292958f4') in 0.028151 seconds 
========================================================================
Received Import Request.
  Time since last request: 0.000028 seconds.
  path: Assets/PolygonPrototype/Models/SM_Icon_Number_Percentage_01.fbx
  artifactKey: Guid(fb251da7b514d8b4699378a295d4d8e7) Importer(815301076,1909f56bfc062723c751e8b465ee728b)
Start importing Assets/PolygonPrototype/Models/SM_Icon_Number_Percentage_01.fbx using Guid(fb251da7b514d8b4699378a295d4d8e7) Importer(815301076,1909f56bfc062723c751e8b465ee728b)  -> (artifact id: 'fa45d7ff005891c7ca69322e060398f5') in 0.025354 seconds 
========================================================================
Received Import Request.
  Time since last request: 1.119632 seconds.
  path: Assets/PolygonPrototype/Models/SM_Icon_Potion_02.fbx
  artifactKey: Guid(bbe7d787b124aa64481203efb7463c45) Importer(815301076,1909f56bfc062723c751e8b465ee728b)
Start importing Assets/PolygonPrototype/Models/SM_Icon_Potion_02.fbx using Guid(bbe7d787b124aa64481203efb7463c45) Importer(815301076,1909f56bfc062723c751e8b465ee728b)  -> (artifact id: 'd1ea5c9f66cdaed178474e2b61c31037') in 0.026583 seconds 
========================================================================
Received Import Request.
  Time since last request: 0.000023 seconds.
  path: Assets/PolygonPrototype/Models/SM_Icon_SelectionRing_06.fbx
  artifactKey: Guid(3d6b592f14dafe34c86b57060d33f7d2) Importer(815301076,1909f56bfc062723c751e8b465ee728b)
Start importing Assets/PolygonPrototype/Models/SM_Icon_SelectionRing_06.fbx using Guid(3d6b592f14dafe34c86b57060d33f7d2) Importer(815301076,1909f56bfc062723c751e8b465ee728b)  -> (artifact id: 'b881b77c589e593f69dde6b7536a5858') in 0.029350 seconds 
========================================================================
Received Import Request.
  Time since last request: 0.000027 seconds.
  path: Assets/PolygonPrototype/Models/SM_Icon_Watch_01.fbx
  artifactKey: Guid(a2865e5ff7ad24f47b11f89c1812b1f8) Importer(815301076,1909f56bfc062723c751e8b465ee728b)
Start importing Assets/PolygonPrototype/Models/SM_Icon_Watch_01.fbx using Guid(a2865e5ff7ad24f47b11f89c1812b1f8) Importer(815301076,1909f56bfc062723c751e8b465ee728b)  -> (artifact id: '05a7433ed9d49307d822c6630ca9b914') in 0.031038 seconds 
========================================================================
Received Import Request.
  Time since last request: 0.000028 seconds.
  path: Assets/PolygonPrototype/Models/SM_Icon_Sword_01.fbx
  artifactKey: Guid(9664d012c08b08b44861eb2080d30513) Importer(815301076,1909f56bfc062723c751e8b465ee728b)
Start importing Assets/PolygonPrototype/Models/SM_Icon_Sword_01.fbx using Guid(9664d012c08b08b44861eb2080d30513) Importer(815301076,1909f56bfc062723c751e8b465ee728b)  -> (artifact id: 'b6a7e381a8ab7000a97e58377b6174ff') in 0.029157 seconds 
========================================================================
Received Import Request.
  Time since last request: 0.000034 seconds.
  path: Assets/PolygonPrototype/Models/SM_Icon_SelectionRing_09.fbx
  artifactKey: Guid(e204eb366e0d42e4d882bae230b2048c) Importer(815301076,1909f56bfc062723c751e8b465ee728b)
Start importing Assets/PolygonPrototype/Models/SM_Icon_SelectionRing_09.fbx using Guid(e204eb366e0d42e4d882bae230b2048c) Importer(815301076,1909f56bfc062723c751e8b465ee728b)  -> (artifact id: 'd6693bd9ee41a1a261252787d1ab3b8a') in 0.029392 seconds 
========================================================================
Received Import Request.
  Time since last request: 0.352560 seconds.
  path: Assets/PolygonPrototype/Models/SM_Icon_Weather_Moon_01.fbx
  artifactKey: Guid(30b51feab1160254084fef378bbf5890) Importer(815301076,1909f56bfc062723c751e8b465ee728b)
Start importing Assets/PolygonPrototype/Models/SM_Icon_Weather_Moon_01.fbx using Guid(30b51feab1160254084fef378bbf5890) Importer(815301076,1909f56bfc062723c751e8b465ee728b)  -> (artifact id: 'ce054c84b2e3d956f5b743c256bce7e7') in 0.025733 seconds 
========================================================================
Received Import Request.
  Time since last request: 0.000030 seconds.
  path: Assets/PolygonPrototype/Models/SM_Note_Custom_01.fbx
  artifactKey: Guid(1d9e2fcc594ea7f4db499f1ed1d5a615) Importer(815301076,1909f56bfc062723c751e8b465ee728b)
Start importing Assets/PolygonPrototype/Models/SM_Note_Custom_01.fbx using Guid(1d9e2fcc594ea7f4db499f1ed1d5a615) Importer(815301076,1909f56bfc062723c751e8b465ee728b)  -> (artifact id: '7fbf14730534e57c27ec9874518e1698') in 0.024749 seconds 
========================================================================
Received Import Request.
  Time since last request: 0.000046 seconds.
  path: Assets/PolygonPrototype/Models/SM_Note_Wip_01.fbx
  artifactKey: Guid(82cd76f148d1e4e449762eb1c80a3931) Importer(815301076,1909f56bfc062723c751e8b465ee728b)
Start importing Assets/PolygonPrototype/Models/SM_Note_Wip_01.fbx using Guid(82cd76f148d1e4e449762eb1c80a3931) Importer(815301076,1909f56bfc062723c751e8b465ee728b)  -> (artifact id: '5beac2971ce89eb78853515cdfbd7f7a') in 0.026444 seconds 
========================================================================
Received Import Request.
  Time since last request: 0.000042 seconds.
  path: Assets/PolygonPrototype/Models/SM_Pawn_Cower_Female_01.fbx
  artifactKey: Guid(48051bed3932054459ee04e7bf51839d) Importer(815301076,1909f56bfc062723c751e8b465ee728b)
Start importing Assets/PolygonPrototype/Models/SM_Pawn_Cower_Female_01.fbx using Guid(48051bed3932054459ee04e7bf51839d) Importer(815301076,1909f56bfc062723c751e8b465ee728b)  -> (artifact id: '4e772f6df41c282f79e262333bbf856a') in 0.025424 seconds 
========================================================================
Received Import Request.
  Time since last request: 0.000025 seconds.
  path: Assets/PolygonPrototype/Models/SM_Pawn_Cover_Female_01.fbx
  artifactKey: Guid(b6186bf1814e0bb4aac9b04c0d5c07db) Importer(815301076,1909f56bfc062723c751e8b465ee728b)
Start importing Assets/PolygonPrototype/Models/SM_Pawn_Cover_Female_01.fbx using Guid(b6186bf1814e0bb4aac9b04c0d5c07db) Importer(815301076,1909f56bfc062723c751e8b465ee728b)  -> (artifact id: '4a8c3447aeb3d82039d106d3e0872b0e') in 0.026475 seconds 
========================================================================
Received Import Request.
  Time since last request: 0.000034 seconds.
  path: Assets/PolygonPrototype/Models/SM_Note_CodePass_01.fbx
  artifactKey: Guid(e16eda3d8d2400549817b36e5c98d722) Importer(815301076,1909f56bfc062723c751e8b465ee728b)
Start importing Assets/PolygonPrototype/Models/SM_Note_CodePass_01.fbx using Guid(e16eda3d8d2400549817b36e5c98d722) Importer(815301076,1909f56bfc062723c751e8b465ee728b)  -> (artifact id: '0c8e1d9db1e52cee77dc30f45561776f') in 0.020865 seconds 
========================================================================
Received Import Request.
  Time since last request: 0.272792 seconds.
  path: Assets/PolygonPrototype/Models/SM_Pawn_Walk_Female_01.fbx
  artifactKey: Guid(e65b194111c08d0438c5173c96ce6758) Importer(815301076,1909f56bfc062723c751e8b465ee728b)
Start importing Assets/PolygonPrototype/Models/SM_Pawn_Walk_Female_01.fbx using Guid(e65b194111c08d0438c5173c96ce6758) Importer(815301076,1909f56bfc062723c751e8b465ee728b)  -> (artifact id: 'affb1fdc3f448a17a608caaafd913380') in 0.025707 seconds 
========================================================================
Received Import Request.
  Time since last request: 0.000027 seconds.
  path: Assets/PolygonPrototype/Models/SM_Primitive_Cone_02.fbx
  artifactKey: Guid(cace0b4260176de46b5ca288f5d42e32) Importer(815301076,1909f56bfc062723c751e8b465ee728b)
Start importing Assets/PolygonPrototype/Models/SM_Primitive_Cone_02.fbx using Guid(cace0b4260176de46b5ca288f5d42e32) Importer(815301076,1909f56bfc062723c751e8b465ee728b)  -> (artifact id: '977d0afb7657df90621bba38766aef73') in 0.022818 seconds 
========================================================================
Received Import Request.
  Time since last request: 0.225263 seconds.
  path: Assets/PolygonPrototype/Models/SM_Primitive_Cube_04.fbx
  artifactKey: Guid(6f92b63f43f29f945bb2459a844faef3) Importer(815301076,1909f56bfc062723c751e8b465ee728b)
Start importing Assets/PolygonPrototype/Models/SM_Primitive_Cube_04.fbx using Guid(6f92b63f43f29f945bb2459a844faef3) Importer(815301076,1909f56bfc062723c751e8b465ee728b)  -> (artifact id: 'af27e929fdc9e4759ccba89c903dcee9') in 0.020558 seconds 
========================================================================
Received Import Request.
  Time since last request: 0.000032 seconds.
  path: Assets/PolygonPrototype/Models/SM_Primitive_Sphere_02.fbx
  artifactKey: Guid(e8ba51a934eb276468729107e5d3143f) Importer(815301076,1909f56bfc062723c751e8b465ee728b)
Start importing Assets/PolygonPrototype/Models/SM_Primitive_Sphere_02.fbx using Guid(e8ba51a934eb276468729107e5d3143f) Importer(815301076,1909f56bfc062723c751e8b465ee728b)  -> (artifact id: 'cfcd90c5f4a6533ac0d27da8c95c8c9f') in 0.023660 seconds 
========================================================================
Received Import Request.
  Time since last request: 0.000031 seconds.
  path: Assets/PolygonPrototype/Models/SM_Primitive_Cylander_05.fbx
  artifactKey: Guid(de6a1fff9731e634fb5bff01f70950ad) Importer(815301076,1909f56bfc062723c751e8b465ee728b)
Start importing Assets/PolygonPrototype/Models/SM_Primitive_Cylander_05.fbx using Guid(de6a1fff9731e634fb5bff01f70950ad) Importer(815301076,1909f56bfc062723c751e8b465ee728b)  -> (artifact id: '4e3f7eebdce146939b421b97c22b670a') in 0.022508 seconds 
========================================================================
Received Import Request.
  Time since last request: 0.288939 seconds.
  path: Assets/PolygonPrototype/Models/SM_Primitive_Sphere_05.fbx
  artifactKey: Guid(ce8f07fe59a27e54a9a176b4f97f75ff) Importer(815301076,1909f56bfc062723c751e8b465ee728b)
Start importing Assets/PolygonPrototype/Models/SM_Primitive_Sphere_05.fbx using Guid(ce8f07fe59a27e54a9a176b4f97f75ff) Importer(815301076,1909f56bfc062723c751e8b465ee728b)  -> (artifact id: '9e9cabe785f3840f2b5515f888564023') in 0.027207 seconds 
========================================================================
Received Import Request.
  Time since last request: 0.000040 seconds.
  path: Assets/PolygonPrototype/Models/SM_Primitive_Torus_05.fbx
  artifactKey: Guid(a62a092863dcd35458488e8e65489988) Importer(815301076,1909f56bfc062723c751e8b465ee728b)
Start importing Assets/PolygonPrototype/Models/SM_Primitive_Torus_05.fbx using Guid(a62a092863dcd35458488e8e65489988) Importer(815301076,1909f56bfc062723c751e8b465ee728b)  -> (artifact id: 'a67edfeab5a6429e851335ad579a1a00') in 0.027669 seconds 
========================================================================
Received Import Request.
  Time since last request: 0.399781 seconds.
  path: Assets/PolygonPrototype/Models/SM_Prop_Barrel_01.fbx
  artifactKey: Guid(270efc4fb3c7ef74cb77f88b77cefaa1) Importer(815301076,1909f56bfc062723c751e8b465ee728b)
Start importing Assets/PolygonPrototype/Models/SM_Prop_Barrel_01.fbx using Guid(270efc4fb3c7ef74cb77f88b77cefaa1) Importer(815301076,1909f56bfc062723c751e8b465ee728b)  -> (artifact id: '670eb66566c78b99ec5d85088aa1dcad') in 0.023183 seconds 
========================================================================
Received Import Request.
  Time since last request: 0.000028 seconds.
  path: Assets/PolygonPrototype/Models/SM_Prop_Chest_Wood_01.fbx
  artifactKey: Guid(9ffb334c672fd3e44aad2a8cf409323e) Importer(815301076,1909f56bfc062723c751e8b465ee728b)
Start importing Assets/PolygonPrototype/Models/SM_Prop_Chest_Wood_01.fbx using Guid(9ffb334c672fd3e44aad2a8cf409323e) Importer(815301076,1909f56bfc062723c751e8b465ee728b)  -> (artifact id: '50b9777df1be824bdbaa9faed636e671') in 0.037549 seconds 
========================================================================
Received Import Request.
  Time since last request: 0.009257 seconds.
  path: Assets/PolygonPrototype/Models/SM_Prop_DartBoard_01.fbx
  artifactKey: Guid(261dc0d61624bfb4080034475fae753f) Importer(815301076,1909f56bfc062723c751e8b465ee728b)
Start importing Assets/PolygonPrototype/Models/SM_Prop_DartBoard_01.fbx using Guid(261dc0d61624bfb4080034475fae753f) Importer(815301076,1909f56bfc062723c751e8b465ee728b)  -> (artifact id: '0a887567031d62880df0e2c288f3b1f5') in 0.025129 seconds 
========================================================================
Received Import Request.
  Time since last request: 0.000037 seconds.
  path: Assets/PolygonPrototype/Models/SM_Prop_Knife_01.fbx
  artifactKey: Guid(88ef0415f57d7a4478fa57094be1876a) Importer(815301076,1909f56bfc062723c751e8b465ee728b)
Start importing Assets/PolygonPrototype/Models/SM_Prop_Knife_01.fbx using Guid(88ef0415f57d7a4478fa57094be1876a) Importer(815301076,1909f56bfc062723c751e8b465ee728b)  -> (artifact id: '0e3fc2a2d9d7bdc7ab767b6bba01f915') in 0.021018 seconds 
========================================================================
Received Import Request.
  Time since last request: 0.000041 seconds.
  path: Assets/PolygonPrototype/Models/SM_Prop_Ladder_1x1_01P.fbx
  artifactKey: Guid(8556517e2473bd24eada55eb382de98c) Importer(815301076,1909f56bfc062723c751e8b465ee728b)
Start importing Assets/PolygonPrototype/Models/SM_Prop_Ladder_1x1_01P.fbx using Guid(8556517e2473bd24eada55eb382de98c) Importer(815301076,1909f56bfc062723c751e8b465ee728b)  -> (artifact id: 'e0f98bbfb266567fa33c2cde3e2604a6') in 0.023599 seconds 
========================================================================
Received Import Request.
  Time since last request: 0.268944 seconds.
  path: Assets/PolygonPrototype/Models/SM_Prop_Microphone_Stand_01.fbx
  artifactKey: Guid(9a7fe0da1b5fc04448e8317395bf1b3c) Importer(815301076,1909f56bfc062723c751e8b465ee728b)
Start importing Assets/PolygonPrototype/Models/SM_Prop_Microphone_Stand_01.fbx using Guid(9a7fe0da1b5fc04448e8317395bf1b3c) Importer(815301076,1909f56bfc062723c751e8b465ee728b)  -> (artifact id: 'fd061f67ebe0177d38efc45290903f77') in 0.021265 seconds 
========================================================================
Received Import Request.
  Time since last request: 0.000029 seconds.
  path: Assets/PolygonPrototype/Models/SM_Prop_TableTennis_Ball_01.fbx
  artifactKey: Guid(40760adb5a986e3449df6db8dad7c478) Importer(815301076,1909f56bfc062723c751e8b465ee728b)
Start importing Assets/PolygonPrototype/Models/SM_Prop_TableTennis_Ball_01.fbx using Guid(40760adb5a986e3449df6db8dad7c478) Importer(815301076,1909f56bfc062723c751e8b465ee728b)  -> (artifact id: 'a2a218279de586b8ca3e3c82e09db38c') in 0.023924 seconds 
========================================================================
Received Import Request.
  Time since last request: 0.000038 seconds.
  path: Assets/PolygonPrototype/Models/SM_Prop_Pistol_01.fbx
  artifactKey: Guid(710f9bac1a26064439306a44e742c04b) Importer(815301076,1909f56bfc062723c751e8b465ee728b)
Start importing Assets/PolygonPrototype/Models/SM_Prop_Pistol_01.fbx using Guid(710f9bac1a26064439306a44e742c04b) Importer(815301076,1909f56bfc062723c751e8b465ee728b)  -> (artifact id: '841d1252b59f00d3c496ee8e846f0329') in 0.064004 seconds 
========================================================================
Received Import Request.
  Time since last request: 0.000024 seconds.
  path: Assets/PolygonPrototype/Models/SM_Prop_Pipe_04.fbx
  artifactKey: Guid(d28c1112dbc0180449970efc5b0b0279) Importer(815301076,1909f56bfc062723c751e8b465ee728b)
Start importing Assets/PolygonPrototype/Models/SM_Prop_Pipe_04.fbx using Guid(d28c1112dbc0180449970efc5b0b0279) Importer(815301076,1909f56bfc062723c751e8b465ee728b)  -> (artifact id: 'bab22231ac71e13a159b0f6cb496454a') in 0.021884 seconds 
========================================================================
Received Import Request.
  Time since last request: 0.402992 seconds.
  path: Assets/PolygonPrototype/Models/SM_Prop_Vase_01.fbx
  artifactKey: Guid(439aa6d16e8b75647a47ca5a42c434d6) Importer(815301076,1909f56bfc062723c751e8b465ee728b)
Start importing Assets/PolygonPrototype/Models/SM_Prop_Vase_01.fbx using Guid(439aa6d16e8b75647a47ca5a42c434d6) Importer(815301076,1909f56bfc062723c751e8b465ee728b)  -> (artifact id: 'a79f3d487709d0fdc4c38414e57ac0cf') in 0.024326 seconds 
========================================================================
Received Import Request.
  Time since last request: 0.000021 seconds.
  path: Assets/PolygonPrototype/Models/SM_Switch_Lever_01.fbx
  artifactKey: Guid(ed8aef541c4d91c46b4bba37be9ab928) Importer(815301076,1909f56bfc062723c751e8b465ee728b)
Start importing Assets/PolygonPrototype/Models/SM_Switch_Lever_01.fbx using Guid(ed8aef541c4d91c46b4bba37be9ab928) Importer(815301076,1909f56bfc062723c751e8b465ee728b)  -> (artifact id: 'febe3e614d864ea4bd3c31bfc4494025') in 0.038421 seconds 
========================================================================
Received Import Request.
  Time since last request: 29.738277 seconds.
  path: Assets/PolygonPrototype/Materials/PolygonPrototype_Texture_06.mat
  artifactKey: Guid(25af05085d2957e42ac6b80b69ddd26a) Importer(815301076,1909f56bfc062723c751e8b465ee728b)
Start importing Assets/PolygonPrototype/Materials/PolygonPrototype_Texture_06.mat using Guid(25af05085d2957e42ac6b80b69ddd26a) Importer(815301076,1909f56bfc062723c751e8b465ee728b)  -> (artifact id: 'e385f779fb9ee60914e2e383a5632d5f') in 0.025016 seconds 
========================================================================
Received Import Request.
  Time since last request: 0.000028 seconds.
  path: Assets/PolygonPrototype/Materials/Misc/PolygonPrototype_Water.mat
  artifactKey: Guid(3b3b5fc58ad0da34e8c6df4d5a51b035) Importer(815301076,1909f56bfc062723c751e8b465ee728b)
Start importing Assets/PolygonPrototype/Materials/Misc/PolygonPrototype_Water.mat using Guid(3b3b5fc58ad0da34e8c6df4d5a51b035) Importer(815301076,1909f56bfc062723c751e8b465ee728b)  -> (artifact id: 'dfd3baee323a208bd38978cb0b82c2cb') in 0.017713 seconds 
========================================================================
Received Import Request.
  Time since last request: 3.566009 seconds.
  path: Assets/PolygonPrototype/Materials/Triplanar_ObjectSpace/PolygonPrototype_Object.mat
  artifactKey: Guid(918c2dec12a4fdb4585051b70cfed921) Importer(815301076,1909f56bfc062723c751e8b465ee728b)
Start importing Assets/PolygonPrototype/Materials/Triplanar_ObjectSpace/PolygonPrototype_Object.mat using Guid(918c2dec12a4fdb4585051b70cfed921) Importer(815301076,1909f56bfc062723c751e8b465ee728b)  -> (artifact id: 'c049f63d88f1ef609313d836f9b05784') in 0.257665 seconds 
========================================================================
Received Import Request.
  Time since last request: 0.386469 seconds.
  path: Assets/PolygonPrototype/Materials/Misc/PolygonPrototype_Glass.mat
  artifactKey: Guid(ab27c4a4c283cac489ef589c67077626) Importer(815301076,1909f56bfc062723c751e8b465ee728b)
Start importing Assets/PolygonPrototype/Materials/Misc/PolygonPrototype_Glass.mat using Guid(ab27c4a4c283cac489ef589c67077626) Importer(815301076,1909f56bfc062723c751e8b465ee728b)  -> (artifact id: 'bbcf311cdb9d40d2db1f1d4da2639ce9') in 0.017200 seconds 
========================================================================
Received Import Request.
  Time since last request: 0.000033 seconds.
  path: Assets/Weapon Assets/ar15/textures/m_AR15_bullets.mat
  artifactKey: Guid(660a84f6e900e454cb16dc5ea44c3c86) Importer(815301076,1909f56bfc062723c751e8b465ee728b)
Start importing Assets/Weapon Assets/ar15/textures/m_AR15_bullets.mat using Guid(660a84f6e900e454cb16dc5ea44c3c86) Importer(815301076,1909f56bfc062723c751e8b465ee728b)  -> (artifact id: '9044ee281929377bfbf23572b69b52b4') in 0.045703 seconds 
========================================================================
Received Import Request.
  Time since last request: 0.000031 seconds.
  path: Assets/PolygonPrototype/Materials/FX/PolygonPrototype_FX_Dirt.mat
  artifactKey: Guid(e4e23eb8ec1b3c449bf23e4fafb02a1a) Importer(815301076,1909f56bfc062723c751e8b465ee728b)
Start importing Assets/PolygonPrototype/Materials/FX/PolygonPrototype_FX_Dirt.mat using Guid(e4e23eb8ec1b3c449bf23e4fafb02a1a) Importer(815301076,1909f56bfc062723c751e8b465ee728b)  -> (artifact id: '9c38e25cbfc1161e78955c8cfcb258c7') in 0.022971 seconds 
========================================================================
Received Import Request.
  Time since last request: 13.385900 seconds.
  path: Assets/Weapon Assets/Pistol Reformatted.prefab
  artifactKey: Guid(75158a5002d96f841b1b94f1c3f0afc1) Importer(815301076,1909f56bfc062723c751e8b465ee728b)
Start importing Assets/Weapon Assets/Pistol Reformatted.prefab using Guid(75158a5002d96f841b1b94f1c3f0afc1) Importer(815301076,1909f56bfc062723c751e8b465ee728b)  -> (artifact id: '9f4dc3e9448486381354c32c257cdceb') in 0.045822 seconds 
========================================================================
Received Prepare
Registering precompiled user dll's ...
Registered in 0.005963 seconds.
Begin MonoManager ReloadAssembly
Symbol file LoadedFromMemory doesn't match image C:\Users\morga\Documents\GitHub\MORGAN-SKILLICORN-HONOURS-PROJECT\FPS\Library\PackageCache\com.unity.visualscripting@1.7.6\Editor\VisualScripting.Core\Dependencies\YamlDotNet\Unity.VisualScripting.YamlDotNet.dll
Symbol file LoadedFromMemory doesn't match image C:\Users\morga\Documents\GitHub\MORGAN-SKILLICORN-HONOURS-PROJECT\FPS\Library\PackageCache\com.unity.visualscripting@1.7.6\Editor\VisualScripting.Core\Dependencies\DotNetZip\Unity.VisualScripting.IonicZip.dll
Native extension for WindowsStandalone target not found
Native extension for Android target not found
Native extension for WebGL target not found
Refreshing native plugins compatible for Editor in 2.40 ms, found 3 plugins.
Preloading 0 native plugins for Editor in 0.00 ms.
Mono: successfully reloaded assembly
- Completed reload, in  1.373 seconds
Domain Reload Profiling:
	ReloadAssembly (1373ms)
		BeginReloadAssembly (184ms)
			ExecutionOrderSort (0ms)
			DisableScriptedObjects (5ms)
			BackupInstance (0ms)
			ReleaseScriptingObjects (0ms)
			CreateAndSetChildDomain (67ms)
		EndReloadAssembly (1072ms)
			LoadAssemblies (108ms)
			RebuildTransferFunctionScriptingTraits (0ms)
			SetupTypeCache (382ms)
			ReleaseScriptCaches (2ms)
			RebuildScriptCaches (76ms)
			SetupLoadedEditorAssemblies (443ms)
				LogAssemblyErrors (0ms)
				InitializePlatformSupportModulesInManaged (31ms)
				SetLoadedEditorAssemblies (1ms)
				RefreshPlugins (3ms)
				BeforeProcessingInitializeOnLoad (88ms)
				ProcessInitializeOnLoadAttributes (282ms)
				ProcessInitializeOnLoadMethodAttributes (31ms)
				AfterProcessingInitializeOnLoad (8ms)
				EditorAssembliesLoaded (0ms)
			ExecutionOrderSort2 (0ms)
			AwakeInstancesAfterBackupRestoration (7ms)
Platform modules already initialized, skipping
Refreshing native plugins compatible for Editor in 4.92 ms, found 3 plugins.
Preloading 0 native plugins for Editor in 0.00 ms.
Unloading 3701 Unused Serialized files (Serialized files now loaded: 0)
Unloading 20 unused Assets / (80.6 KB). Loaded Objects now: 4219.
Memory consumption went from 150.5 MB to 150.4 MB.
Total: 4.453500 ms (FindLiveObjects: 0.614300 ms CreateObjectMapping: 0.208900 ms MarkObjects: 3.534700 ms  DeleteObjects: 0.093000 ms)

AssetImportParameters requested are different than current active one (requested -> active):
  custom:video-decoder-ogg-theora: a1e56fd34408186e4bbccfd4996cb3dc -> 
  custom:container-muxer-webm: aa71ff27fc2769a1b78a27578f13a17b -> 
  custom:container-demuxer-webm: 4f35f7cbe854078d1ac9338744f61a02 -> 
  custom:video-encoder-webm-vp8: eb34c28f22e8b96e1ab97ce403110664 -> 
  custom:audio-encoder-webm-vorbis: bf7c407c2cedff20999df2af8eb42d56 -> 
  custom:framework-win-MediaFoundation: 216162199b28c13a410421893ffa2e32 -> 
  custom:container-demuxer-ogg: 62fdf1f143b41e24485cea50d1cbac27 -> 
  custom:video-decoder-webm-vp8: 9c59270c3fd7afecdb556c50c9e8de78 -> 
  custom:audio-decoder-ogg-vorbis: bf7c407c2cedff20999df2af8eb42d56 -> 
========================================================================
Received Prepare
Registering precompiled user dll's ...
Registered in 0.007924 seconds.
Begin MonoManager ReloadAssembly
Symbol file LoadedFromMemory doesn't match image C:\Users\morga\Documents\GitHub\MORGAN-SKILLICORN-HONOURS-PROJECT\FPS\Library\PackageCache\com.unity.visualscripting@1.7.6\Editor\VisualScripting.Core\Dependencies\YamlDotNet\Unity.VisualScripting.YamlDotNet.dll
Symbol file LoadedFromMemory doesn't match image C:\Users\morga\Documents\GitHub\MORGAN-SKILLICORN-HONOURS-PROJECT\FPS\Library\PackageCache\com.unity.visualscripting@1.7.6\Editor\VisualScripting.Core\Dependencies\DotNetZip\Unity.VisualScripting.IonicZip.dll
Native extension for WindowsStandalone target not found
Native extension for Android target not found
Native extension for WebGL target not found
Refreshing native plugins compatible for Editor in 1.33 ms, found 3 plugins.
Preloading 0 native plugins for Editor in 0.00 ms.
Mono: successfully reloaded assembly
- Completed reload, in  1.491 seconds
Domain Reload Profiling:
	ReloadAssembly (1492ms)
		BeginReloadAssembly (226ms)
			ExecutionOrderSort (0ms)
			DisableScriptedObjects (8ms)
			BackupInstance (0ms)
			ReleaseScriptingObjects (0ms)
			CreateAndSetChildDomain (68ms)
		EndReloadAssembly (1138ms)
			LoadAssemblies (196ms)
			RebuildTransferFunctionScriptingTraits (0ms)
			SetupTypeCache (369ms)
			ReleaseScriptCaches (1ms)
			RebuildScriptCaches (56ms)
			SetupLoadedEditorAssemblies (487ms)
				LogAssemblyErrors (0ms)
				InitializePlatformSupportModulesInManaged (31ms)
				SetLoadedEditorAssemblies (1ms)
				RefreshPlugins (1ms)
				BeforeProcessingInitializeOnLoad (91ms)
				ProcessInitializeOnLoadAttributes (324ms)
				ProcessInitializeOnLoadMethodAttributes (29ms)
				AfterProcessingInitializeOnLoad (10ms)
				EditorAssembliesLoaded (0ms)
			ExecutionOrderSort2 (0ms)
			AwakeInstancesAfterBackupRestoration (10ms)
Platform modules already initialized, skipping
Refreshing native plugins compatible for Editor in 2.49 ms, found 3 plugins.
Preloading 0 native plugins for Editor in 0.00 ms.
Unloading 3701 Unused Serialized files (Serialized files now loaded: 0)
Unloading 20 unused Assets / (80.6 KB). Loaded Objects now: 4222.
Memory consumption went from 150.5 MB to 150.5 MB.
Total: 3.767800 ms (FindLiveObjects: 0.486100 ms CreateObjectMapping: 0.104600 ms MarkObjects: 3.063300 ms  DeleteObjects: 0.112000 ms)

AssetImportParameters requested are different than current active one (requested -> active):
  custom:video-decoder-ogg-theora: a1e56fd34408186e4bbccfd4996cb3dc -> 
  custom:container-muxer-webm: aa71ff27fc2769a1b78a27578f13a17b -> 
  custom:container-demuxer-webm: 4f35f7cbe854078d1ac9338744f61a02 -> 
  custom:video-encoder-webm-vp8: eb34c28f22e8b96e1ab97ce403110664 -> 
  custom:audio-encoder-webm-vorbis: bf7c407c2cedff20999df2af8eb42d56 -> 
  custom:framework-win-MediaFoundation: 216162199b28c13a410421893ffa2e32 -> 
  custom:container-demuxer-ogg: 62fdf1f143b41e24485cea50d1cbac27 -> 
  custom:video-decoder-webm-vp8: 9c59270c3fd7afecdb556c50c9e8de78 -> 
  custom:audio-decoder-ogg-vorbis: bf7c407c2cedff20999df2af8eb42d56 -> 
========================================================================
Received Prepare
Registering precompiled user dll's ...
Registered in 0.006018 seconds.
Begin MonoManager ReloadAssembly
Symbol file LoadedFromMemory doesn't match image C:\Users\morga\Documents\GitHub\MORGAN-SKILLICORN-HONOURS-PROJECT\FPS\Library\PackageCache\com.unity.visualscripting@1.7.6\Editor\VisualScripting.Core\Dependencies\YamlDotNet\Unity.VisualScripting.YamlDotNet.dll
Symbol file LoadedFromMemory doesn't match image C:\Users\morga\Documents\GitHub\MORGAN-SKILLICORN-HONOURS-PROJECT\FPS\Library\PackageCache\com.unity.visualscripting@1.7.6\Editor\VisualScripting.Core\Dependencies\DotNetZip\Unity.VisualScripting.IonicZip.dll
Native extension for WindowsStandalone target not found
Native extension for Android target not found
Native extension for WebGL target not found
Refreshing native plugins compatible for Editor in 1.07 ms, found 3 plugins.
Preloading 0 native plugins for Editor in 0.00 ms.
Mono: successfully reloaded assembly
- Completed reload, in  1.104 seconds
Domain Reload Profiling:
	ReloadAssembly (1104ms)
		BeginReloadAssembly (149ms)
			ExecutionOrderSort (0ms)
			DisableScriptedObjects (5ms)
			BackupInstance (0ms)
			ReleaseScriptingObjects (0ms)
			CreateAndSetChildDomain (51ms)
		EndReloadAssembly (849ms)
			LoadAssemblies (88ms)
			RebuildTransferFunctionScriptingTraits (0ms)
			SetupTypeCache (272ms)
			ReleaseScriptCaches (2ms)
			RebuildScriptCaches (46ms)
			SetupLoadedEditorAssemblies (396ms)
				LogAssemblyErrors (0ms)
				InitializePlatformSupportModulesInManaged (25ms)
				SetLoadedEditorAssemblies (0ms)
				RefreshPlugins (1ms)
				BeforeProcessingInitializeOnLoad (72ms)
				ProcessInitializeOnLoadAttributes (260ms)
				ProcessInitializeOnLoadMethodAttributes (28ms)
				AfterProcessingInitializeOnLoad (10ms)
				EditorAssembliesLoaded (0ms)
			ExecutionOrderSort2 (0ms)
			AwakeInstancesAfterBackupRestoration (5ms)
Platform modules already initialized, skipping
Refreshing native plugins compatible for Editor in 2.60 ms, found 3 plugins.
Preloading 0 native plugins for Editor in 0.00 ms.
Unloading 3701 Unused Serialized files (Serialized files now loaded: 0)
Unloading 20 unused Assets / (80.6 KB). Loaded Objects now: 4225.
Memory consumption went from 150.5 MB to 150.5 MB.
Total: 3.526700 ms (FindLiveObjects: 0.443900 ms CreateObjectMapping: 0.097800 ms MarkObjects: 2.876500 ms  DeleteObjects: 0.106600 ms)

AssetImportParameters requested are different than current active one (requested -> active):
  custom:video-decoder-ogg-theora: a1e56fd34408186e4bbccfd4996cb3dc -> 
  custom:container-muxer-webm: aa71ff27fc2769a1b78a27578f13a17b -> 
  custom:container-demuxer-webm: 4f35f7cbe854078d1ac9338744f61a02 -> 
  custom:video-encoder-webm-vp8: eb34c28f22e8b96e1ab97ce403110664 -> 
  custom:audio-encoder-webm-vorbis: bf7c407c2cedff20999df2af8eb42d56 -> 
  custom:framework-win-MediaFoundation: 216162199b28c13a410421893ffa2e32 -> 
  custom:container-demuxer-ogg: 62fdf1f143b41e24485cea50d1cbac27 -> 
  custom:video-decoder-webm-vp8: 9c59270c3fd7afecdb556c50c9e8de78 -> 
  custom:audio-decoder-ogg-vorbis: bf7c407c2cedff20999df2af8eb42d56 -> 
Editor requested this worker to shutdown with reason: Scaling down because of idle timeout
AssetImportWorker is now disconnected from the server
Process exiting
Exiting without the bug reporter. Application will terminate with return code 0